{
  "RSpec": {
    "coverage": {
      "/Users/macmini/RAILS_PROJECTS/recipr/app/controllers/recipe_controller.rb": [
        1,
        1,
        1,
        null,
        1,
        1,
        null,
        null,
        null,
        1,
        1,
        null,
        null,
        1,
        2,
        2,
        1,
        1,
        null,
        1,
        1,
        null,
        null,
        null,
        1,
        1,
        null,
        null,
        1,
        3,
        3,
        2,
        2,
        null,
        1,
        1,
        null,
        null,
        null,
        1,
        1,
        null,
        null,
        1,
        1,
        1,
        1,
        null,
        1,
        null,
        null,
        1,
        null,
        1,
        16,
        null,
        null
      ],
      "/Users/macmini/RAILS_PROJECTS/recipr/app/controllers/application_controller.rb": [
        1,
        null,
        null,
        1,
        null
      ],
      "/Users/macmini/RAILS_PROJECTS/recipr/app/models/recipe.rb": [
        null,
        1,
        1,
        1,
        null,
        1,
        1,
        null,
        1,
        null,
        1,
        2,
        2,
        null,
        null
      ],
      "/Users/macmini/RAILS_PROJECTS/recipr/app/models/recipe_ingredient.rb": [
        null,
        1,
        1,
        null
      ],
      "/Users/macmini/RAILS_PROJECTS/recipr/app/models/recipe_step.rb": [
        null,
        1,
        1,
        null
      ]
    },
    "timestamp": 1455518933
  }
}
