{
  "RSpec": {
    "coverage": {
      "/Users/macmini/RAILS_PROJECTS/recipr/app/controllers/recipe_controller.rb": [
        1,
        1,
        1,
        null,
        1,
        1,
        null,
        null,
        null,
        1,
        1,
        null,
        null,
        1,
        2,
        2,
        1,
        1,
        null,
        1,
        1,
        null,
        null,
        null,
        1,
        1,
        null,
        null,
        1,
        3,
        3,
        2,
        2,
        null,
        1,
        1,
        null,
        null,
        null,
        1,
        1,
        null,
        null,
        1,
        1,
        1,
        1,
        null,
        1,
        null,
        null,
        1,
        null,
        1,
        16,
        null,
        null
      ],
      "/Users/macmini/RAILS_PROJECTS/recipr/app/controllers/application_controller.rb": [
        1,
        null,
        null,
        1,
        null
      ],
      "/Users/macmini/RAILS_PROJECTS/recipr/spec/features/home_spec.rb": [
        1,
        null,
        1,
        1,
        1,
        1,
        1,
        null,
        null,
        1,
        1,
        1,
        1,
        1,
        1,
        null,
        null
      ],
      "/Users/macmini/RAILS_PROJECTS/recipr/spec/features/search_spec.rb": [
        1,
        null,
        1,
        1,
        1,
        1,
        null,
        null,
        1,
        1,
        null,
        1,
        10,
        10,
        50,
        50,
        50,
        null,
        null,
        null,
        null,
        1,
        1,
        1,
        1,
        1,
        1,
        1,
        null,
        null,
        1,
        1,
        null,
        null,
        null
      ],
      "/Users/macmini/RAILS_PROJECTS/recipr/app/models/recipe.rb": [
        null,
        1,
        1,
        1,
        null,
        1,
        1,
        null,
        1,
        null,
        1,
        2,
        2,
        null,
        null
      ],
      "/Users/macmini/RAILS_PROJECTS/recipr/app/models/recipe_ingredient.rb": [
        null,
        1,
        1,
        null
      ],
      "/Users/macmini/RAILS_PROJECTS/recipr/app/models/recipe_step.rb": [
        null,
        1,
        1,
        null
      ],
      "/Users/macmini/RAILS_PROJECTS/recipr/app/controllers/home_controller.rb": [
        1,
        1,
        null,
        null
      ],
      "/Users/macmini/RAILS_PROJECTS/recipr/app/controllers/search_controller.rb": [
        1,
        1,
        1,
        null,
        1,
        2,
        null,
        null,
        null,
        null,
        1,
        null,
        1,
        2,
        null,
        null
      ]
    },
    "timestamp": 1455570930
  }
}
